d:\mes fichiers\documents\coding\github\y2-p3-ia\exerciceai\exerciceai\x64\debug\vc143.pdb
d:\mes fichiers\documents\coding\github\y2-p3-ia\exerciceai\exerciceai\x64\debug\vc143.idb
d:\mes fichiers\documents\coding\github\y2-p3-ia\exerciceai\exerciceai\x64\debug\zombie.obj
d:\mes fichiers\documents\coding\github\y2-p3-ia\exerciceai\exerciceai\x64\debug\plant.obj
d:\mes fichiers\documents\coding\github\y2-p3-ia\exerciceai\exerciceai\x64\debug\mainscene.obj
d:\mes fichiers\documents\coding\github\y2-p3-ia\exerciceai\exerciceai\x64\debug\main.obj
d:\mes fichiers\documents\coding\github\y2-p3-ia\exerciceai\x64\debug\sfml-graphics-d-2.dll
d:\mes fichiers\documents\coding\github\y2-p3-ia\exerciceai\x64\debug\sfml-window-d-2.dll
d:\mes fichiers\documents\coding\github\y2-p3-ia\exerciceai\x64\debug\sfml-system-d-2.dll
d:\mes fichiers\documents\coding\github\y2-p3-ia\exerciceai\x64\debug\freetyped.dll
d:\mes fichiers\documents\coding\github\y2-p3-ia\exerciceai\x64\debug\zlibd1.dll
d:\mes fichiers\documents\coding\github\y2-p3-ia\exerciceai\x64\debug\bz2d.dll
d:\mes fichiers\documents\coding\github\y2-p3-ia\exerciceai\x64\debug\libpng16d.dll
d:\mes fichiers\documents\coding\github\y2-p3-ia\exerciceai\x64\debug\brotlidec.dll
d:\mes fichiers\documents\coding\github\y2-p3-ia\exerciceai\x64\debug\brotlicommon.dll
d:\mes fichiers\documents\coding\github\y2-p3-ia\exerciceai\exerciceai\x64\debug\exerciceai.ilk
d:\mes fichiers\documents\coding\github\y2-p3-ia\exerciceai\x64\debug\exerciceai.pdb
d:\mes fichiers\documents\coding\github\y2-p3-ia\exerciceai\exerciceai\x64\debug\exerciceai.tlog\cl.command.1.tlog
d:\mes fichiers\documents\coding\github\y2-p3-ia\exerciceai\exerciceai\x64\debug\exerciceai.tlog\cl.items.tlog
d:\mes fichiers\documents\coding\github\y2-p3-ia\exerciceai\exerciceai\x64\debug\exerciceai.tlog\cl.read.1.tlog
d:\mes fichiers\documents\coding\github\y2-p3-ia\exerciceai\exerciceai\x64\debug\exerciceai.tlog\cl.write.1.tlog
d:\mes fichiers\documents\coding\github\y2-p3-ia\exerciceai\exerciceai\x64\debug\exerciceai.tlog\exerciceai.write.1u.tlog
d:\mes fichiers\documents\coding\github\y2-p3-ia\exerciceai\exerciceai\x64\debug\exerciceai.tlog\link.command.1.tlog
d:\mes fichiers\documents\coding\github\y2-p3-ia\exerciceai\exerciceai\x64\debug\exerciceai.tlog\link.read.1.tlog
d:\mes fichiers\documents\coding\github\y2-p3-ia\exerciceai\exerciceai\x64\debug\exerciceai.tlog\link.read.2.tlog
d:\mes fichiers\documents\coding\github\y2-p3-ia\exerciceai\exerciceai\x64\debug\exerciceai.tlog\link.secondary.1.tlog
d:\mes fichiers\documents\coding\github\y2-p3-ia\exerciceai\exerciceai\x64\debug\exerciceai.tlog\link.write.1.tlog
