d:\mes fichiers\documents\coding\github\y2-p3-ia\exerciceai\x64\debug\lightengine.pdb
d:\mes fichiers\documents\coding\github\y2-p3-ia\exerciceai\x64\debug\lightengine.idb
d:\mes fichiers\documents\coding\github\y2-p3-ia\exerciceai\lightengine\x64\debug\utils.obj
d:\mes fichiers\documents\coding\github\y2-p3-ia\exerciceai\lightengine\x64\debug\scene.obj
d:\mes fichiers\documents\coding\github\y2-p3-ia\exerciceai\lightengine\x64\debug\samplescene.obj
d:\mes fichiers\documents\coding\github\y2-p3-ia\exerciceai\lightengine\x64\debug\gamemanager.obj
d:\mes fichiers\documents\coding\github\y2-p3-ia\exerciceai\lightengine\x64\debug\entity.obj
d:\mes fichiers\documents\coding\github\y2-p3-ia\exerciceai\lightengine\x64\debug\dummyentity.obj
d:\mes fichiers\documents\coding\github\y2-p3-ia\exerciceai\lightengine\x64\debug\debug.obj
d:\mes fichiers\documents\coding\github\y2-p3-ia\exerciceai\lightengine\x64\debug\vc143.pdb
d:\mes fichiers\documents\coding\github\y2-p3-ia\exerciceai\lightengine\x64\debug\vc143.idb
d:\mes fichiers\documents\coding\github\y2-p3-ia\exerciceai\lightengine\x64\debug\main.obj
d:\mes fichiers\documents\coding\github\y2-p3-ia\exerciceai\x64\debug\lightengine.lib
d:\mes fichiers\documents\coding\github\y2-p3-ia\exerciceai\lightengine\x64\debug\lightengine.tlog\cl.command.1.tlog
d:\mes fichiers\documents\coding\github\y2-p3-ia\exerciceai\lightengine\x64\debug\lightengine.tlog\cl.items.tlog
d:\mes fichiers\documents\coding\github\y2-p3-ia\exerciceai\lightengine\x64\debug\lightengine.tlog\cl.read.1.tlog
d:\mes fichiers\documents\coding\github\y2-p3-ia\exerciceai\lightengine\x64\debug\lightengine.tlog\cl.write.1.tlog
d:\mes fichiers\documents\coding\github\y2-p3-ia\exerciceai\lightengine\x64\debug\lightengine.tlog\lib-link.read.1.tlog
d:\mes fichiers\documents\coding\github\y2-p3-ia\exerciceai\lightengine\x64\debug\lightengine.tlog\lib-link.write.1.tlog
d:\mes fichiers\documents\coding\github\y2-p3-ia\exerciceai\lightengine\x64\debug\lightengine.tlog\lib.command.1.tlog
